<?xml version="1.0" encoding="UTF-8"?>
<testsuite xmlns:xsi="http://www.w3.org/2001/XMLSchema-instance" xsi:noNamespaceSchemaLocation="https://maven.apache.org/surefire/maven-failsafe-plugin/xsd/failsafe-test-report-3.0.xsd" version="3.0" name="booking.runner.TestRunner" time="84.201" tests="1" errors="0" skipped="0" failures="0">
  <properties>
[...]
</properties>
  <testcase name="runScenario[&quot;Crear una reserva correcta&quot;, &quot;crear reserva&quot;](1)" classname="booking.runner.TestRunner" time="83.486">
    <system-out><![CDATA[[12-14-2024 00:50:12] INFO  AppiumUtil:30 - Se inician las pruebas en local
[12-14-2024 00:50:48] INFO  ScreenshotUtils:18 - Screenshot capturado y adjuntado con éxito.
[12-14-2024 00:51:03] INFO  ScreenshotUtils:18 - Screenshot capturado y adjuntado con éxito.
[12-14-2024 00:51:19] INFO  ScreenshotUtils:18 - Screenshot capturado y adjuntado con éxito.
[12-14-2024 00:51:26] INFO  ScreenshotUtils:18 - Screenshot capturado y adjuntado con éxito.
]]></system-out>
    <system-err><![CDATA[log4j:WARN No appenders could be found for logger (org.testng.internal.Graph).
log4j:WARN Please initialize the log4j system properly.
log4j:WARN See http://logging.apache.org/log4j/1.2/faq.html#noconfig for more info.
dic. 14, 2024 12:50:12 A. M. io.appium.java_client.remote.AppiumCommandExecutor$1 lambda$0
INFO: Detected dialect: W3C
]]></system-err>
  </testcase>
</testsuite>